# 
# ===============================================================================
#                               Allegro PCB Router                               
# Copyright 1990-2006 Cadence Design Systems, Inc.  All Rights Reserved.
# ===============================================================================
# 
# Software licensed for sale by Cadence Design Systems, Inc.
# Current time = Tue Mar 31 14:22:55 2015
# 
# Allegro PCB Router v16-3-85 made 2009/11/03 at 11:55:32
# Running on: marcus-pc, OS Version: WindowsNT 6.1.7601, Architecture: Intel Pentium II, III, or 4
# Licensing: The program will not obey any unlicensed rules
# No graphics will be displayed.
# Design Name F:/Project/Touch senses/Schematics\touch_pcb.dsn
# Batch File Name: pasde.do
# Did File Name: F:/Project/Touch senses/Schematics/specctra.did
# Current time = Tue Mar 31 14:22:55 2015
# PCB F:/Project/Touch senses/Schematics
# Master Unit set up as: MIL 1000
# PCB Limits xlo=14955.0000 ylo=3935.0000 xhi=18145.0000 yhi=7270.0000
# Total 14 Images Consolidated.
# Via VIA z=1, 2 xlo=-12.0000 ylo=-12.0000 xhi= 12.0000 yhi= 12.0000
# 
#    VIA     TOP  BOTTOM
# 
#    TOP  ------   VIA  
# BOTTOM   VIA    ------
# 
# Wires Processed 0, Vias Processed 0
# Using colormap in design file.
# Layers Processed: Signal Layers 2
# Components Placed 21, Images Processed 29, Padstacks Processed 9
# Nets Processed 17, Net Terminals 54
# PCB Area=8410000.000  EIC=4  Area/EIC=2102500.000  SMDs=19
# Total Pin Count: 64
# Signal Connections Created 37
# 
# Design Rules --------------------------------------------
# Via Grid 0.0100 with offset 0.0000
# Layer TOP Horz Signal Wire Grid 0.0100 with offset 0.0000, Width= 5.0000, Clearance= 5.0000
# Layer BOTTOM Vert Signal Wire Grid 0.0100 with offset 0.0000, Width= 5.0000, Clearance= 5.0000
# Cpu Time = 0:00:00  Elapsed Time = 0:00:00
# 
# Wiring Statistics ----------------- F:/Project/Touch senses/Schematics\touch_pcb.dsn
# Nets 17 Connections 37 Unroutes 37
# Signal Layers 2 Power Layers 0
# Wire Junctions 0, at vias 0 Total Vias 0
# Percent Connected    0.00
# Manhattan Length 15774.9100 Horizontal 10255.6140 Vertical 5519.2960
# Routed Length   0.0000 Horizontal   0.0000 Vertical   0.0000
# Ratio Actual / Manhattan   0.0000
# Unconnected Length 15774.9100 Horizontal 9673.4000 Vertical 6101.5100
# Total Conflicts: 0 (Cross: 0, Clear: 0, Xtalk: 0, Length: 0, Polygon Clear: 0 )
# Cpu Time = 0:00:00  Elapsed Time = 0:00:00
# Loading Do File pasde.do ...
# Loading Do File F:/Project/Touch senses/Schematics\touch_pcb_rules.do ...
# Colormap Written to File _notify.std
# Enter command <# Loading Do File C:/Users/Marcus/AppData/Local/Temp/#Taaaabe06084.tmp ...
# All Components Unselected.
# All Nets Unselected.
set route_diagonal 0
grid wire 0.010000 (direction x) (offset 0.000000)
grid wire 0.010000 (direction y) (offset 0.000000)
grid via 0.010000 (direction x) (offset 0.000000)
grid via 0.010000 (direction y) (offset 0.000000)
protect all wires
# All Wires Protected.
direction TOP horizontal
select layer TOP
unprotect layer_wires TOP
# Wires on layer TOP were Unprotected.
direction BOTTOM vertical
unselect layer BOTTOM
# <<WARNING:>> IRoute: Interactive layer(s) disabled for autorouting: BOTTOM
unprotect layer_wires BOTTOM
# Wires on layer BOTTOM were Unprotected.
cost via -1
# System default cost will be used.
set turbo_stagger off
limit outside -1
rule pcb (patterns_allowed  trombone accordion)
set pattern_stacking on
rule pcb (sawtooth_amplitude -1 -1)
rule pcb (sawtooth_gap -1)
rule pcb (accordion_amplitude -1 -1)
rule pcb (accordion_gap -1)
rule pcb (trombone_run_length -1)
rule pcb (trombone_gap -1)
unprotect selected
# All Selected Wires Unprotected.
route 25 1
# Command route detected pcb layer rule(s), mcm via rule(s), which require the RouteADV license feature.
# All unlicensed rules are being ignored.
# Command route will ignore pcb layer rule(s), mcm via rule(s)
# Current time = Tue Mar 31 14:22:56 2015
# 
#    VIA     TOP  BOTTOM
# 
#    TOP  ------   VIA  
# BOTTOM   VIA    ------
# 
# 
# Design Rules --------------------------------------------
# Via Grid 0.0100 with offset 0.0000
# Layer TOP Horz Signal Wire Grid 0.0100 with offset 0.0000, Width= 5.0000, Clearance= 5.0000
# Layer BOTTOM Off  Signal Wire Grid 0.0100 with offset 0.0000, Width= 5.0000, Clearance= 5.0000
# 
# Wiring Statistics ----------------- F:/Project/Touch senses/Schematics\touch_pcb.dsn
# Nets 17 Connections 37 Unroutes 37
# Signal Layers 2 Power Layers 0
# Wire Junctions 0, at vias 0 Total Vias 0
# Percent Connected    0.00
# Manhattan Length 15774.9100 Horizontal 10255.6140 Vertical 5519.2960
# Routed Length   0.0000 Horizontal   0.0000 Vertical   0.0000
# Ratio Actual / Manhattan   0.0000
# Unconnected Length 15774.9100 Horizontal 9673.4000 Vertical 6101.5100
# Start Route Pass 1 of 25
# Routing 37 wires.
# Total Conflicts: 15 (Cross: 15, Clear: 0, Xtalk: 0, Length: 0, Polygon Clear: 0 )
# Total Unroutes: 0
# Attempts 37 Successes 37 Failures 0 Vias 0
# Cpu Time = 0:00:00  Elapsed Time = 0:00:00
# Command check detected pcb layer rule(s), mcm via rule(s), which require the RouteADV license feature.
# All unlicensed rules are being ignored.
# Command check will ignore pcb layer rule(s), mcm via rule(s)
# End Pass 1 of 25
# Start Route Pass 2 of 25
# Routing 62 wires.
# Command check detected pcb layer rule(s), mcm via rule(s), which require the RouteADV license feature.
# All unlicensed rules are being ignored.
# Command check will ignore pcb layer rule(s), mcm via rule(s)
# Total Conflicts: 11 (Cross: 11, Clear: 0, Xtalk: 0, Length: 0, Polygon Clear: 0 )
# Total Unroutes: 0
# Attempts 48 Successes 48 Failures 0 Vias 0
# Cpu Time = 0:00:00  Elapsed Time = 0:00:00
# Command check detected pcb layer rule(s), mcm via rule(s), which require the RouteADV license feature.
# All unlicensed rules are being ignored.
# Command check will ignore pcb layer rule(s), mcm via rule(s)
# Conflict Reduction  0.2667
# End Pass 2 of 25
# Start Route Pass 3 of 25
# Routing 66 wires.
# Command check detected pcb layer rule(s), mcm via rule(s), which require the RouteADV license feature.
# All unlicensed rules are being ignored.
# Command check will ignore pcb layer rule(s), mcm via rule(s)
# Total Conflicts: 12 (Cross: 12, Clear: 0, Xtalk: 0, Length: 0, Polygon Clear: 0 )
# Total Unroutes: 0
# Attempts 49 Successes 49 Failures 0 Vias 0
# Cpu Time = 0:00:00  Elapsed Time = 0:00:00
# Command check detected pcb layer rule(s), mcm via rule(s), which require the RouteADV license feature.
# All unlicensed rules are being ignored.
# Command check will ignore pcb layer rule(s), mcm via rule(s)
# Conflict Reduction -0.0908
# End Pass 3 of 25
# Start Route Pass 4 of 25
# Routing 70 wires.
# Command check detected pcb layer rule(s), mcm via rule(s), which require the RouteADV license feature.
# All unlicensed rules are being ignored.
# Command check will ignore pcb layer rule(s), mcm via rule(s)
# Total Conflicts: 6 (Cross: 6, Clear: 0, Xtalk: 0, Length: 0, Polygon Clear: 0 )
# Total Unroutes: 0
# Attempts 48 Successes 48 Failures 0 Vias 0
# Cpu Time = 0:00:00  Elapsed Time = 0:00:00
# Command check detected pcb layer rule(s), mcm via rule(s), which require the RouteADV license feature.
# All unlicensed rules are being ignored.
# Command check will ignore pcb layer rule(s), mcm via rule(s)
# Conflict Reduction  0.5000
# End Pass 4 of 25
# 1 bend points have been removed.
# 0 bend points have been removed.
# Start Route Pass 5 of 25
# Routing 13 wires.
# Command check detected pcb layer rule(s), mcm via rule(s), which require the RouteADV license feature.
# All unlicensed rules are being ignored.
# Command check will ignore pcb layer rule(s), mcm via rule(s)
# Total Conflicts: 1 (Cross: 1, Clear: 0, Xtalk: 0, Length: 0, Polygon Clear: 0 )
# Total Unroutes: 0
# Attempts 11 Successes 11 Failures 0 Vias 0
# Cpu Time = 0:00:00  Elapsed Time = 0:00:00
# Command check detected pcb layer rule(s), mcm via rule(s), which require the RouteADV license feature.
# All unlicensed rules are being ignored.
# Command check will ignore pcb layer rule(s), mcm via rule(s)
# End Pass 5 of 25
# Start Route Pass 6 of 25
# Routing 4 wires.
# Command check detected pcb layer rule(s), mcm via rule(s), which require the RouteADV license feature.
# All unlicensed rules are being ignored.
# Command check will ignore pcb layer rule(s), mcm via rule(s)
# Total Conflicts: 1 (Cross: 1, Clear: 0, Xtalk: 0, Length: 0, Polygon Clear: 0 )
# Total Unroutes: 0
# Attempts 4 Successes 4 Failures 0 Vias 0
# Cpu Time = 0:00:00  Elapsed Time = 0:00:00
# Command check detected pcb layer rule(s), mcm via rule(s), which require the RouteADV license feature.
# All unlicensed rules are being ignored.
# Command check will ignore pcb layer rule(s), mcm via rule(s)
# End Pass 6 of 25
# Start Route Pass 7 of 25
# Routing 5 wires.
# Command check detected pcb layer rule(s), mcm via rule(s), which require the RouteADV license feature.
# All unlicensed rules are being ignored.
# Command check will ignore pcb layer rule(s), mcm via rule(s)
# Total Conflicts: 1 (Cross: 1, Clear: 0, Xtalk: 0, Length: 0, Polygon Clear: 0 )
# Total Unroutes: 0
# Attempts 3 Successes 3 Failures 0 Vias 0
# Cpu Time = 0:00:00  Elapsed Time = 0:00:00
# Command check detected pcb layer rule(s), mcm via rule(s), which require the RouteADV license feature.
# All unlicensed rules are being ignored.
# Command check will ignore pcb layer rule(s), mcm via rule(s)
# End Pass 7 of 25
# Start Route Pass 8 of 25
# Routing 11 wires.
# Command check detected pcb layer rule(s), mcm via rule(s), which require the RouteADV license feature.
# All unlicensed rules are being ignored.
# Command check will ignore pcb layer rule(s), mcm via rule(s)
# Total Conflicts: 1 (Cross: 1, Clear: 0, Xtalk: 0, Length: 0, Polygon Clear: 0 )
# Total Unroutes: 0
# Attempts 7 Successes 7 Failures 0 Vias 0
# Cpu Time = 0:00:00  Elapsed Time = 0:00:01
# Command check detected pcb layer rule(s), mcm via rule(s), which require the RouteADV license feature.
# All unlicensed rules are being ignored.
# Command check will ignore pcb layer rule(s), mcm via rule(s)
# End Pass 8 of 25
# Start Route Pass 9 of 25
# Routing 4 wires.
# Command check detected pcb layer rule(s), mcm via rule(s), which require the RouteADV license feature.
# All unlicensed rules are being ignored.
# Command check will ignore pcb layer rule(s), mcm via rule(s)
# 2 bend points have been removed.
# 0 bend points have been removed.
# Total Conflicts: 1 (Cross: 1, Clear: 0, Xtalk: 0, Length: 0, Polygon Clear: 0 )
# Total Unroutes: 0
# Attempts 3 Successes 3 Failures 0 Vias 0
# Cpu Time = 0:00:00  Elapsed Time = 0:00:00
# Command check detected pcb layer rule(s), mcm via rule(s), which require the RouteADV license feature.
# All unlicensed rules are being ignored.
# Command check will ignore pcb layer rule(s), mcm via rule(s)
# End Pass 9 of 25
# Start Route Pass 10 of 25
# Routing 11 wires.
# Command check detected pcb layer rule(s), mcm via rule(s), which require the RouteADV license feature.
# All unlicensed rules are being ignored.
# Command check will ignore pcb layer rule(s), mcm via rule(s)
# Total Conflicts: 1 (Cross: 1, Clear: 0, Xtalk: 0, Length: 0, Polygon Clear: 0 )
# Total Unroutes: 0
# Attempts 7 Successes 7 Failures 0 Vias 0
# Cpu Time = 0:00:00  Elapsed Time = 0:00:00
# Command check detected pcb layer rule(s), mcm via rule(s), which require the RouteADV license feature.
# All unlicensed rules are being ignored.
# Command check will ignore pcb layer rule(s), mcm via rule(s)
# End Pass 10 of 25
# Start Route Pass 11 of 25
# Routing 3 wires.
# Command check detected pcb layer rule(s), mcm via rule(s), which require the RouteADV license feature.
# All unlicensed rules are being ignored.
# Command check will ignore pcb layer rule(s), mcm via rule(s)
# Total Conflicts: 1 (Cross: 1, Clear: 0, Xtalk: 0, Length: 0, Polygon Clear: 0 )
# Total Unroutes: 0
# Attempts 3 Successes 3 Failures 0 Vias 0
# Cpu Time = 0:00:00  Elapsed Time = 0:00:00
# Command check detected pcb layer rule(s), mcm via rule(s), which require the RouteADV license feature.
# All unlicensed rules are being ignored.
# Command check will ignore pcb layer rule(s), mcm via rule(s)
# End Pass 11 of 25
# Start Route Pass 12 of 25
# Routing 11 wires.
# Command check detected pcb layer rule(s), mcm via rule(s), which require the RouteADV license feature.
# All unlicensed rules are being ignored.
# Command check will ignore pcb layer rule(s), mcm via rule(s)
# Total Conflicts: 1 (Cross: 1, Clear: 0, Xtalk: 0, Length: 0, Polygon Clear: 0 )
# Total Unroutes: 0
# Attempts 8 Successes 8 Failures 0 Vias 0
# Cpu Time = 0:00:00  Elapsed Time = 0:00:00
# Command check detected pcb layer rule(s), mcm via rule(s), which require the RouteADV license feature.
# All unlicensed rules are being ignored.
# Command check will ignore pcb layer rule(s), mcm via rule(s)
# End Pass 12 of 25
# Start Route Pass 13 of 25
# Routing 5 wires.
# Command check detected pcb layer rule(s), mcm via rule(s), which require the RouteADV license feature.
# All unlicensed rules are being ignored.
# Command check will ignore pcb layer rule(s), mcm via rule(s)
# Total Conflicts: 1 (Cross: 1, Clear: 0, Xtalk: 0, Length: 0, Polygon Clear: 0 )
# Total Unroutes: 0
# Attempts 3 Successes 3 Failures 0 Vias 0
# Cpu Time = 0:00:00  Elapsed Time = 0:00:00
# Command check detected pcb layer rule(s), mcm via rule(s), which require the RouteADV license feature.
# All unlicensed rules are being ignored.
# Command check will ignore pcb layer rule(s), mcm via rule(s)
# End Pass 13 of 25
# Start Route Pass 14 of 25
# Routing 13 wires.
# Command check detected pcb layer rule(s), mcm via rule(s), which require the RouteADV license feature.
# All unlicensed rules are being ignored.
# Command check will ignore pcb layer rule(s), mcm via rule(s)
# 0 bend points have been removed.
# 0 bend points have been removed.
# Total Conflicts: 1 (Cross: 1, Clear: 0, Xtalk: 0, Length: 0, Polygon Clear: 0 )
# Total Unroutes: 0
# Attempts 8 Successes 8 Failures 0 Vias 0
# Cpu Time = 0:00:00  Elapsed Time = 0:00:00
# Command check detected pcb layer rule(s), mcm via rule(s), which require the RouteADV license feature.
# All unlicensed rules are being ignored.
# Command check will ignore pcb layer rule(s), mcm via rule(s)
# End Pass 14 of 25
# Start Route Pass 15 of 25
# Routing 4 wires.
# Command check detected pcb layer rule(s), mcm via rule(s), which require the RouteADV license feature.
# All unlicensed rules are being ignored.
# Command check will ignore pcb layer rule(s), mcm via rule(s)
# Total Conflicts: 1 (Cross: 1, Clear: 0, Xtalk: 0, Length: 0, Polygon Clear: 0 )
# Total Unroutes: 0
# Attempts 2 Successes 2 Failures 0 Vias 0
# Cpu Time = 0:00:00  Elapsed Time = 0:00:00
# Command check detected pcb layer rule(s), mcm via rule(s), which require the RouteADV license feature.
# All unlicensed rules are being ignored.
# Command check will ignore pcb layer rule(s), mcm via rule(s)
# End Pass 15 of 25
# Start Route Pass 16 of 25
# Routing 12 wires.
# Command check detected pcb layer rule(s), mcm via rule(s), which require the RouteADV license feature.
# All unlicensed rules are being ignored.
# Command check will ignore pcb layer rule(s), mcm via rule(s)
# 0 bend points have been removed.
# 1 bend points have been removed.
# Total Conflicts: 0 (Cross: 0, Clear: 0, Xtalk: 0, Length: 0, Polygon Clear: 0 )
# Total Unroutes: 0
# Attempts 8 Successes 8 Failures 0 Vias 0
# Cpu Time = 0:00:00  Elapsed Time = 0:00:01
# Command check detected pcb layer rule(s), mcm via rule(s), which require the RouteADV license feature.
# All unlicensed rules are being ignored.
# Command check will ignore pcb layer rule(s), mcm via rule(s)
# End Pass 16 of 25
# Cpu Time = 0:00:00  Elapsed Time = 0:00:03
# 
# Design Rules --------------------------------------------
# Via Grid 0.0100 with offset 0.0000
# Layer TOP Horz Signal Wire Grid 0.0100 with offset 0.0000, Width=25.0000, Clearance= 5.0000
# Layer BOTTOM Off  Signal Wire Grid 0.0100 with offset 0.0000, Width=25.0000, Clearance= 5.0000
# Command check detected pcb layer rule(s), mcm via rule(s), which require the RouteADV license feature.
# All unlicensed rules are being ignored.
# Command check will ignore pcb layer rule(s), mcm via rule(s)
# ROUTING HISTORY ================================================================
#     Pass     |   Conflicts |    |     |     |     |    |Red|      CPU Time     |
#   Name   |No.| Cross| Clear|Fail|Unrte| Vias|XTalk|Len.| % |  Pass   |  Total  |
#----------+---+------+------+----+-----+-----+-----+----+---+---------+---------|
# Route    |  1|    15|     0|   0|    0|    0|    0|   0|  0|  0:00:00|  0:00:00|
# Route    |  2|    11|     0|   0|    0|    0|    0|   0| 26|  0:00:00|  0:00:00|
# Route    |  3|    12|     0|   0|    0|    0|    0|   0|  0|  0:00:00|  0:00:00|
# Route    |  4|     6|     0|   0|    0|    0|    0|   0| 50|  0:00:00|  0:00:00|
# Route    |  5|     1|     0|   0|    0|    0|    0|   0| 83|  0:00:00|  0:00:00|
# Route    |  6|     1|     0|   0|    0|    0|    0|   0|  0|  0:00:00|  0:00:00|
# Route    |  7|     1|     0|   0|    0|    0|    0|   0|  0|  0:00:00|  0:00:00|
# Route    |  8|     1|     0|   0|    0|    0|    0|   0|  0|  0:00:00|  0:00:00|
# Route    |  9|     1|     0|   0|    0|    0|    0|   0|  0|  0:00:00|  0:00:00|
# Route    | 10|     1|     0|   0|    0|    0|    0|   0|  0|  0:00:00|  0:00:00|
# Route    | 11|     1|     0|   0|    0|    0|    0|   0|  0|  0:00:00|  0:00:00|
# Route    | 12|     1|     0|   0|    0|    0|    0|   0|  0|  0:00:00|  0:00:00|
# Route    | 13|     1|     0|   0|    0|    0|    0|   0|  0|  0:00:00|  0:00:00|
# Route    | 14|     1|     0|   0|    0|    0|    0|   0|  0|  0:00:00|  0:00:00|
# Route    | 15|     1|     0|   0|    0|    0|    0|   0|  0|  0:00:00|  0:00:00|
# Route    | 16|     0|     0|   0|    0|    0|    0|   0|100|  0:00:00|  0:00:00|
# Conflicts between polygon wires and fixed objects:   0
# Stub Violations:   0
# Net Order Violations:   0
# Diffpair Uncoupled Length Violations:   0
# Diffpair Phase Tolerance  Violations:   0
# Total layerset violations:   0
# Total layerset violations (exclude Fanout/Stagger/XNet Short side):   0
# Overall Routing Time: 0:00:00
# 
# Wiring Statistics ----------------- F:/Project/Touch senses/Schematics\touch_pcb.dsn
# Nets 17 Connections 37 Unroutes 0
# Signal Layers 2 Power Layers 0
# Wire Junctions 16, at vias 0 Total Vias 0
# Percent Connected  100.00
# Manhattan Length 17887.5600 Horizontal 11704.8790 Vertical 6182.6810
# Routed Length 21677.9600 Horizontal 11714.4400 Vertical 9963.5200
# Ratio Actual / Manhattan   1.2119
# Unconnected Length   0.0000 Horizontal   0.0000 Vertical   0.0000
clean 2
# Command clean detected pcb layer rule(s), mcm via rule(s), which require the RouteADV license feature.
# All unlicensed rules are being ignored.
# Command clean will ignore pcb layer rule(s), mcm via rule(s)
# Current time = Tue Mar 31 14:22:59 2015
# 
#    VIA     TOP  BOTTOM
# 
#    TOP  ------   VIA  
# BOTTOM   VIA    ------
# 
# 
# Design Rules --------------------------------------------
# Via Grid 0.0100 with offset 0.0000
# Layer TOP Horz Signal Wire Grid 0.0100 with offset 0.0000, Width= 5.0000, Clearance= 5.0000
# Layer BOTTOM Off  Signal Wire Grid 0.0100 with offset 0.0000, Width= 5.0000, Clearance= 5.0000
# 
# Wiring Statistics ----------------- F:/Project/Touch senses/Schematics\touch_pcb.dsn
# Nets 17 Connections 37 Unroutes 0
# Signal Layers 2 Power Layers 0
# Wire Junctions 16, at vias 0 Total Vias 0
# Percent Connected  100.00
# Manhattan Length 17887.5600 Horizontal 11704.8790 Vertical 6182.6810
# Routed Length 21677.9600 Horizontal 11714.4400 Vertical 9963.5200
# Ratio Actual / Manhattan   1.2119
# Unconnected Length   0.0000 Horizontal   0.0000 Vertical   0.0000
# Start Clean Pass 1 of 2
# Routing 67 wires.
# Command check detected pcb layer rule(s), mcm via rule(s), which require the RouteADV license feature.
# All unlicensed rules are being ignored.
# Command check will ignore pcb layer rule(s), mcm via rule(s)
# Total Conflicts: 0 (Cross: 0, Clear: 0, Xtalk: 0, Length: 0, Polygon Clear: 0 )
# Total Unroutes: 0
# Attempts 51 Successes 51 Failures 0 Vias 0
# Cpu Time = 0:00:00  Elapsed Time = 0:00:00
# Command check detected pcb layer rule(s), mcm via rule(s), which require the RouteADV license feature.
# All unlicensed rules are being ignored.
# Command check will ignore pcb layer rule(s), mcm via rule(s)
# End Pass 1 of 2
# Start Clean Pass 2 of 2
# Routing 69 wires.
# Command check detected pcb layer rule(s), mcm via rule(s), which require the RouteADV license feature.
# All unlicensed rules are being ignored.
# Command check will ignore pcb layer rule(s), mcm via rule(s)
# 0 bend points have been removed.
# 0 bend points have been removed.
# Total Conflicts: 0 (Cross: 0, Clear: 0, Xtalk: 0, Length: 0, Polygon Clear: 0 )
# Total Unroutes: 0
# Attempts 53 Successes 52 Failures 1 Vias 0
# Cpu Time = 0:00:00  Elapsed Time = 0:00:00
# Command check detected pcb layer rule(s), mcm via rule(s), which require the RouteADV license feature.
# All unlicensed rules are being ignored.
# Command check will ignore pcb layer rule(s), mcm via rule(s)
# End Pass 2 of 2
# Cpu Time = 0:00:01  Elapsed Time = 0:00:00
# 
# Design Rules --------------------------------------------
# Via Grid 0.0100 with offset 0.0000
# Layer TOP Horz Signal Wire Grid 0.0100 with offset 0.0000, Width=25.0000, Clearance= 5.0000
# Layer BOTTOM Off  Signal Wire Grid 0.0100 with offset 0.0000, Width=25.0000, Clearance= 5.0000
# Command check detected pcb layer rule(s), mcm via rule(s), which require the RouteADV license feature.
# All unlicensed rules are being ignored.
# Command check will ignore pcb layer rule(s), mcm via rule(s)
# ROUTING HISTORY ================================================================
#     Pass     |   Conflicts |    |     |     |     |    |Red|      CPU Time     |
#   Name   |No.| Cross| Clear|Fail|Unrte| Vias|XTalk|Len.| % |  Pass   |  Total  |
#----------+---+------+------+----+-----+-----+-----+----+---+---------+---------|
# Route    |  1|    15|     0|   0|    0|    0|    0|   0|  0|  0:00:00|  0:00:00|
# Route    |  2|    11|     0|   0|    0|    0|    0|   0| 26|  0:00:00|  0:00:00|
# Route    |  3|    12|     0|   0|    0|    0|    0|   0|  0|  0:00:00|  0:00:00|
# Route    |  4|     6|     0|   0|    0|    0|    0|   0| 50|  0:00:00|  0:00:00|
# Route    |  5|     1|     0|   0|    0|    0|    0|   0| 83|  0:00:00|  0:00:00|
# Route    |  6|     1|     0|   0|    0|    0|    0|   0|  0|  0:00:00|  0:00:00|
# Route    |  7|     1|     0|   0|    0|    0|    0|   0|  0|  0:00:00|  0:00:00|
# Route    |  8|     1|     0|   0|    0|    0|    0|   0|  0|  0:00:00|  0:00:00|
# Route    |  9|     1|     0|   0|    0|    0|    0|   0|  0|  0:00:00|  0:00:00|
# Route    | 10|     1|     0|   0|    0|    0|    0|   0|  0|  0:00:00|  0:00:00|
# Route    | 11|     1|     0|   0|    0|    0|    0|   0|  0|  0:00:00|  0:00:00|
# Route    | 12|     1|     0|   0|    0|    0|    0|   0|  0|  0:00:00|  0:00:00|
# Route    | 13|     1|     0|   0|    0|    0|    0|   0|  0|  0:00:00|  0:00:00|
# Route    | 14|     1|     0|   0|    0|    0|    0|   0|  0|  0:00:00|  0:00:00|
# Route    | 15|     1|     0|   0|    0|    0|    0|   0|  0|  0:00:00|  0:00:00|
# Route    | 16|     0|     0|   0|    0|    0|    0|   0|100|  0:00:00|  0:00:00|
# Clean    | 17|     0|     0|   0|    0|    0|    0|   0|   |  0:00:00|  0:00:00|
# Clean    | 18|     0|     0|   1|    0|    0|    0|   0|   |  0:00:00|  0:00:00|
# Conflicts between polygon wires and fixed objects:   0
# Stub Violations:   0
# Net Order Violations:   0
# Diffpair Uncoupled Length Violations:   0
# Diffpair Phase Tolerance  Violations:   0
# Total layerset violations:   0
# Total layerset violations (exclude Fanout/Stagger/XNet Short side):   0
# Overall Routing Time: 0:00:00
# 
# Wiring Statistics ----------------- F:/Project/Touch senses/Schematics\touch_pcb.dsn
# Nets 17 Connections 37 Unroutes 0
# Signal Layers 2 Power Layers 0
# Wire Junctions 17, at vias 0 Total Vias 0
# Percent Connected  100.00
# Manhattan Length 17124.1000 Horizontal 11203.2800 Vertical 5920.8200
# Routed Length 21123.8200 Horizontal 11495.0100 Vertical 9628.8100
# Ratio Actual / Manhattan   1.2336
# Unconnected Length   0.0000 Horizontal   0.0000 Vertical   0.0000
write routes (changed_only) (reset_changed) C:/Users/Marcus/AppData/Local/Temp/#Taaaabf06084.tmp
# Routing Written to File C:/Users/Marcus/AppData/Local/Temp/#Taaaabf06084.tmp
quit
